<?xml version="1.0" encoding="UTF-8"?>
<!-- Generated by org.testng.reporters.JUnitReportReporter -->
<testsuite hostname="fmaraque" name="com.javacodegeeks.testng.maven.testngMaven.TestNgMavenExampleTest" tests="2" failures="0" timestamp="30 Jul 2016 10:10:44 GMT" time="0.278" errors="0">
  <testcase name="exampleOfTestNgMaven" time="0.014" classname="com.javacodegeeks.testng.maven.testngMaven.TestNgMavenExampleTest"/>
  <testcase name="areTheNumbersEquals" time="0.264" classname="com.javacodegeeks.testng.maven.testngMaven.TestNgMavenExampleTest"/>
</testsuite> <!-- com.javacodegeeks.testng.maven.testngMaven.TestNgMavenExampleTest -->
