<?xml version="1.0" encoding="UTF-8"?>
<!-- Generated by org.testng.reporters.JUnitReportReporter -->
<testsuite hostname="fmaraque" name="com.javacodegeeks.testng.maven.testngMaven.AppTest" tests="1" failures="0" timestamp="30 Jul 2016 09:30:48 GMT" time="0.016" errors="0">
  <testcase name="testApp" time="0.016" classname="com.javacodegeeks.testng.maven.testngMaven.AppTest"/>
</testsuite> <!-- com.javacodegeeks.testng.maven.testngMaven.AppTest -->
